<?xml version="1.0" encoding="UTF-8"?>
<testng-results ignored="1" total="2" passed="1" failed="0" skipped="0">
  <reporter-output>
  </reporter-output>
  <suite started-at="2022-09-22T15:24:04 EDT" name="Default suite" finished-at="2022-09-22T15:24:06 EDT" duration-ms="1829">
    <groups>
    </groups>
    <test started-at="2022-09-22T15:24:04 EDT" name="Default test" finished-at="2022-09-22T15:24:06 EDT" duration-ms="1829">
      <class name="apiTest.Get">
        <test-method signature="GetCall2()[pri:0, instance:apiTest.Get@52e6fdee]" started-at="2022-09-22T15:24:04 EDT" name="GetCall2" finished-at="2022-09-22T15:24:06 EDT" duration-ms="1797" status="PASS">
          <reporter-output>
          </reporter-output>
        </test-method> <!-- GetCall2 -->
      </class> <!-- apiTest.Get -->
    </test> <!-- Default test -->
  </suite> <!-- Default suite -->
</testng-results>
