<?xml version="1.0" encoding="UTF-8"?>
<testng-results ignored="0" total="1" passed="1" failed="0" skipped="0">
  <reporter-output>
  </reporter-output>
  <suite started-at="2022-09-22T02:39:47 EDT" name="TestV2" finished-at="2022-09-22T02:39:49 EDT" duration-ms="2707">
    <groups>
    </groups>
    <test started-at="2022-09-22T02:39:47 EDT" name="myTest" finished-at="2022-09-22T02:39:49 EDT" duration-ms="2707">
      <class name="apiTest.Get">
        <test-method signature="GetCall()[pri:0, instance:apiTest.Get@59fd97a8]" started-at="2022-09-22T02:39:47 EDT" name="GetCall" finished-at="2022-09-22T02:39:49 EDT" duration-ms="2675" status="PASS">
          <reporter-output>
          </reporter-output>
        </test-method> <!-- GetCall -->
      </class> <!-- apiTest.Get -->
    </test> <!-- myTest -->
  </suite> <!-- TestV2 -->
</testng-results>
